<?xml version="1.0" encoding="UTF-8"?>
<!-- Generated by org.testng.reporters.JUnitReportReporter -->
<testsuite hostname="DESKTOP-T1C0MS0" failures="0" tests="4" name="TestSenario.Sample1" time="0.015" errors="0" timestamp="2023-11-16T14:56:48 IST" skipped="0">
  <testcase classname="TestSenario.Sample1" name="openapp" time="0.008"/>
  <system-out/>
  <testcase classname="TestSenario.Sample1" name="loginSample1" time="0.003"/>
  <system-out/>
  <testcase classname="TestSenario.Sample1" name="loginWithInvalidData" time="0.004"/>
  <system-out/>
  <testcase classname="TestSenario.Sample1" name="loginWithWrongPassword" time="0.000"/>
  <system-out/>
</testsuite> <!-- TestSenario.Sample1 -->
