<?xml version="1.0" encoding="UTF-8"?>
<!-- Generated by org.testng.reporters.JUnitReportReporter -->
<testsuite hostname="DESKTOP-T1C0MS0" failures="0" tests="1" name="seleniumphase2.SoftAssertionExample" time="0.413" errors="0" timestamp="2023-11-16T14:20:57 IST" skipped="0">
  <testcase classname="seleniumphase2.SoftAssertionExample" name="GetTitle" time="0.413"/>
  <system-out/>
</testsuite> <!-- seleniumphase2.SoftAssertionExample -->
