<?xml version="1.0" encoding="UTF-8"?>
<!-- Generated by org.testng.reporters.JUnitReportReporter -->
<testsuite hostname="DESKTOP-T1C0MS0" failures="0" tests="3" name="seleniumphase2.testannotation" time="22.512" errors="0" timestamp="2023-11-15T11:37:55 IST" skipped="0">
  <testcase classname="seleniumphase2.testannotation" name="logoutFromApplication" time="4.506"/>
  <system-out/>
  <testcase classname="seleniumphase2.testannotation" name="LoginWiethValidCredentials" time="15.088"/>
  <system-out/>
  <testcase classname="seleniumphase2.testannotation" name="OpenDemoStore" time="2.918"/>
  <system-out/>
</testsuite> <!-- seleniumphase2.testannotation -->
