<?xml version="1.0" encoding="UTF-8"?>
<!-- Generated by org.testng.reporters.JUnitReportReporter -->
<testsuite hostname="DESKTOP-T1C0MS0" failures="0" tests="1" name="seleniumphase2.ExtentReportDemo2" time="1.414" errors="0" timestamp="2023-11-16T18:20:59 IST" skipped="0">
  <testcase classname="seleniumphase2.ExtentReportDemo2" name="extentDemo2" time="1.414"/>
  <system-out/>
</testsuite> <!-- seleniumphase2.ExtentReportDemo2 -->
