<?xml version="1.0" encoding="UTF-8"?>
<!-- Generated by org.testng.reporters.JUnitReportReporter -->
<testsuite hostname="DESKTOP-T1C0MS0" failures="0" tests="1" name="seleniumphase2.AssertionExample" time="0.424" errors="0" timestamp="2023-11-16T14:02:19 IST" skipped="0">
  <testcase classname="seleniumphase2.AssertionExample" name="getTitle" time="0.424"/>
  <system-out/>
</testsuite> <!-- seleniumphase2.AssertionExample -->
