<?xml version="1.0" encoding="UTF-8"?>
<!-- Generated by org.testng.reporters.JUnitReportReporter -->
<testsuite hostname="DESKTOP-T1C0MS0" failures="0" tests="10" name="pack2.WikiCreateAccount" time="26.717" errors="0" timestamp="2023-11-17T12:52:06 IST" skipped="0">
  <testcase classname="pack2.WikiCreateAccount" name="CreateAccount" time="2.748"/>
  <system-out/>
  <testcase classname="pack2.WikiCreateAccount" name="CreateAccount" time="2.676"/>
  <system-out/>
  <testcase classname="pack2.WikiCreateAccount" name="CreateAccount" time="2.670"/>
  <system-out/>
  <testcase classname="pack2.WikiCreateAccount" name="CreateAccount" time="2.697"/>
  <system-out/>
  <testcase classname="pack2.WikiCreateAccount" name="CreateAccount" time="2.458"/>
  <system-out/>
  <testcase classname="pack2.WikiCreateAccount" name="CreateAccount" time="2.721"/>
  <system-out/>
  <testcase classname="pack2.WikiCreateAccount" name="CreateAccount" time="2.944"/>
  <system-out/>
  <testcase classname="pack2.WikiCreateAccount" name="CreateAccount" time="2.628"/>
  <system-out/>
  <testcase classname="pack2.WikiCreateAccount" name="CreateAccount" time="2.610"/>
  <system-out/>
  <testcase classname="pack2.WikiCreateAccount" name="CreateAccount" time="2.565"/>
  <system-out/>
</testsuite> <!-- pack2.WikiCreateAccount -->
