<?xml version="1.0" encoding="UTF-8"?>
<!-- Generated by org.testng.reporters.JUnitReportReporter -->
<testsuite hostname="DESKTOP-T1C0MS0" failures="0" tests="1" name="pack3.GRIDStandalonedemo" time="8.800" errors="0" timestamp="2023-11-17T13:39:46 IST" skipped="0">
  <testcase classname="pack3.GRIDStandalonedemo" name="GridDemo1" time="8.800"/>
  <system-out/>
</testsuite> <!-- pack3.GRIDStandalonedemo -->
