<?xml version="1.0" encoding="UTF-8"?>
<!-- Generated by org.testng.reporters.JUnitReportReporter -->
<testsuite hostname="DESKTOP-T1C0MS0" failures="0" tests="1" name="seleniumphase2.SetUpCheck" time="1.160" errors="0" timestamp="2023-11-16T17:44:49 IST" skipped="0">
  <testcase classname="seleniumphase2.SetUpCheck" name="extentDemo2" time="1.160"/>
  <system-out/>
</testsuite> <!-- seleniumphase2.SetUpCheck -->
