<?xml version="1.0" encoding="UTF-8"?>
<!-- Generated by org.testng.reporters.JUnitReportReporter -->
<testsuite hostname="DESKTOP-T1C0MS0" failures="0" tests="3" name="pack2.dataproviderannotation" time="7.937" errors="0" timestamp="2023-11-19T16:56:46 IST" skipped="0">
  <testcase classname="pack2.dataproviderannotation" name="CreateAccount" time="2.587"/>
  <system-out/>
  <testcase classname="pack2.dataproviderannotation" name="CreateAccount" time="2.852"/>
  <system-out/>
  <testcase classname="pack2.dataproviderannotation" name="CreateAccount" time="2.498"/>
  <system-out/>
</testsuite> <!-- pack2.dataproviderannotation -->
