<?xml version="1.0" encoding="UTF-8"?>
<!-- Generated by org.testng.reporters.JUnitReportReporter -->
<testsuite hostname="DESKTOP-T1C0MS0" failures="0" tests="5" name="TestSenario.Sample2" time="0.009" errors="0" timestamp="2023-11-16T15:13:17 IST" skipped="0">
  <testcase classname="TestSenario.Sample2" name="opentheAccountPage" time="0.007"/>
  <system-out/>
  <testcase classname="TestSenario.Sample2" name="login" time="0.001"/>
  <system-out/>
  <testcase classname="TestSenario.Sample2" name="Accounts" time="0.000"/>
  <system-out/>
  <testcase classname="TestSenario.Sample2" name="createAccounts" time="0.000"/>
  <system-out/>
  <testcase classname="TestSenario.Sample2" name="Logout" time="0.001"/>
  <system-out/>
</testsuite> <!-- TestSenario.Sample2 -->
