<?xml version="1.0" encoding="UTF-8"?>
<!-- Generated by org.testng.reporters.JUnitReportReporter -->
<testsuite hostname="DESKTOP-T1C0MS0" failures="0" tests="4" name="seleniumphase2.ParallelTestDemo" time="28.079" errors="0" timestamp="2023-11-16T16:03:30 IST" skipped="0">
  <testcase classname="seleniumphase2.ParallelTestDemo" name="wikiPage1" time="7.551"/>
  <system-out/>
  <testcase classname="seleniumphase2.ParallelTestDemo" name="ninjaPage1" time="7.486"/>
  <system-out/>
  <testcase classname="seleniumphase2.ParallelTestDemo" name="ninjaPage2" time="6.105"/>
  <system-out/>
  <testcase classname="seleniumphase2.ParallelTestDemo" name="wikiPage2" time="6.937"/>
  <system-out/>
</testsuite> <!-- seleniumphase2.ParallelTestDemo -->
