<?xml version="1.0" encoding="UTF-8"?>
<!-- Generated by org.testng.reporters.JUnitReportReporter -->
<testsuite hostname="DESKTOP-T1C0MS0" failures="0" tests="1" name="seleniumphase2.BeforeAfterMethodAnnotation" time="13.369" errors="0" timestamp="2023-11-16T15:07:37 IST" skipped="0">
  <testcase classname="seleniumphase2.BeforeAfterMethodAnnotation" name="LoginWiethValidCredentials" time="13.369"/>
  <system-out/>
</testsuite> <!-- seleniumphase2.BeforeAfterMethodAnnotation -->
